<?xml version="1.0" encoding="UTF-8"?>
<testsuite xmlns:xsi="http://www.w3.org/2001/XMLSchema-instance" xsi:noNamespaceSchemaLocation="https://maven.apache.org/surefire/maven-surefire-plugin/xsd/surefire-test-report-3.0.xsd" version="3.0" name="Basic.HelloWorld.AppTest" time="0.023" tests="1" errors="0" skipped="0" failures="0">
  <properties>
    <property name="java.specification.version" value="21"/>
    <property name="sun.cpu.isalist" value="amd64"/>
    <property name="sun.jnu.encoding" value="Cp1252"/>
    <property name="java.class.path" value="C:\Users\parid\Documents\workspace-spring-tools-for-eclipse-4.30.0.RELEASE\HelloWorld\target\test-classes;C:\Users\parid\Documents\workspace-spring-tools-for-eclipse-4.30.0.RELEASE\HelloWorld\target\classes;C:\Users\parid\.m2\repository\junit\junit\3.8.1\junit-3.8.1.jar;"/>
    <property name="java.vm.vendor" value="Eclipse Adoptium"/>
    <property name="sun.arch.data.model" value="64"/>
    <property name="user.variant" value=""/>
    <property name="java.vendor.url" value="https://adoptium.net/"/>
    <property name="user.timezone" value="Asia/Calcutta"/>
    <property name="os.name" value="Windows 11"/>
    <property name="java.vm.specification.version" value="21"/>
    <property name="sun.java.launcher" value="SUN_STANDARD"/>
    <property name="user.country" value="IN"/>
    <property name="sun.boot.library.path" value="C:\Users\parid\Downloads\spring-tools-for-eclipse-4.30.0.RELEASE-e4.35.0-win32.win32.x86_64\sts-4.30.0.RELEASE\plugins\org.eclipse.justj.openjdk.hotspot.jre.full.win32.x86_64_21.0.6.v20250130-0529\jre\bin"/>
    <property name="sun.java.command" value="C:\Users\parid\AppData\Local\Temp\surefire2004077386720572822\surefirebooter-20250517181440205_3.jar C:\Users\parid\AppData\Local\Temp\surefire2004077386720572822 2025-05-17T18-14-40_007-jvmRun1 surefire-20250517181440205_1tmp surefire_0-20250517181440205_2tmp"/>
    <property name="jdk.debug" value="release"/>
    <property name="surefire.test.class.path" value="C:\Users\parid\Documents\workspace-spring-tools-for-eclipse-4.30.0.RELEASE\HelloWorld\target\test-classes;C:\Users\parid\Documents\workspace-spring-tools-for-eclipse-4.30.0.RELEASE\HelloWorld\target\classes;C:\Users\parid\.m2\repository\junit\junit\3.8.1\junit-3.8.1.jar;"/>
    <property name="sun.cpu.endian" value="little"/>
    <property name="user.home" value="C:\Users\parid"/>
    <property name="user.language" value="en"/>
    <property name="java.specification.vendor" value="Oracle Corporation"/>
    <property name="java.version.date" value="2025-01-21"/>
    <property name="java.home" value="C:\Users\parid\Downloads\spring-tools-for-eclipse-4.30.0.RELEASE-e4.35.0-win32.win32.x86_64\sts-4.30.0.RELEASE\plugins\org.eclipse.justj.openjdk.hotspot.jre.full.win32.x86_64_21.0.6.v20250130-0529\jre"/>
    <property name="file.separator" value="\"/>
    <property name="basedir" value="C:\Users\parid\Documents\workspace-spring-tools-for-eclipse-4.30.0.RELEASE\HelloWorld"/>
    <property name="style.color" value="always"/>
    <property name="java.vm.compressedOopsMode" value="32-bit"/>
    <property name="line.separator" value="&#10;"/>
    <property name="java.vm.specification.vendor" value="Oracle Corporation"/>
    <property name="java.specification.name" value="Java Platform API Specification"/>
    <property name="surefire.real.class.path" value="C:\Users\parid\AppData\Local\Temp\surefire2004077386720572822\surefirebooter-20250517181440205_3.jar"/>
    <property name="user.script" value=""/>
    <property name="sun.management.compiler" value="HotSpot 64-Bit Tiered Compilers"/>
    <property name="java.runtime.version" value="21.0.6+7-LTS"/>
    <property name="user.name" value="parid"/>
    <property name="stdout.encoding" value="Cp1252"/>
    <property name="path.separator" value=";"/>
    <property name="os.version" value="10.0"/>
    <property name="java.runtime.name" value="OpenJDK Runtime Environment"/>
    <property name="file.encoding" value="UTF-8"/>
    <property name="java.vm.name" value="OpenJDK 64-Bit Server VM"/>
    <property name="java.vendor.version" value="Temurin-21.0.6+7"/>
    <property name="localRepository" value="C:\Users\parid\.m2\repository"/>
    <property name="java.vendor.url.bug" value="https://github.com/adoptium/adoptium-support/issues"/>
    <property name="java.io.tmpdir" value="C:\Users\parid\AppData\Local\Temp\"/>
    <property name="java.version" value="21.0.6"/>
    <property name="user.dir" value="C:\Users\parid\Documents\workspace-spring-tools-for-eclipse-4.30.0.RELEASE\HelloWorld"/>
    <property name="os.arch" value="amd64"/>
    <property name="java.vm.specification.name" value="Java Virtual Machine Specification"/>
    <property name="sun.os.patch.level" value=""/>
    <property name="native.encoding" value="Cp1252"/>
    <property name="java.library.path" value="C:\Users\parid\Downloads\spring-tools-for-eclipse-4.30.0.RELEASE-e4.35.0-win32.win32.x86_64\sts-4.30.0.RELEASE\plugins\org.eclipse.justj.openjdk.hotspot.jre.full.win32.x86_64_21.0.6.v20250130-0529\jre\bin;C:\WINDOWS\Sun\Java\bin;C:\WINDOWS\system32;C:\WINDOWS;C:/Users/parid/Downloads/spring-tools-for-eclipse-4.30.0.RELEASE-e4.35.0-win32.win32.x86_64/sts-4.30.0.RELEASE//plugins/org.eclipse.justj.openjdk.hotspot.jre.full.win32.x86_64_21.0.6.v20250130-0529/jre/bin/server;C:/Users/parid/Downloads/spring-tools-for-eclipse-4.30.0.RELEASE-e4.35.0-win32.win32.x86_64/sts-4.30.0.RELEASE//plugins/org.eclipse.justj.openjdk.hotspot.jre.full.win32.x86_64_21.0.6.v20250130-0529/jre/bin;C:\Program Files\Java\jdk-21\bin;C:\Program Files (x86)\Java\jdk1.5.0_22\bin;C:\Program Files\Common Files\Oracle\Java\javapath;C:\Program Files\Apache Software Foundation\Tomcat 10.1\bin;&quot;C:\Tomcat\lib\jakarta.servlet-api.jar;C:\Program Files\Apache Software Foundation\Tomcat 10.1\lib\jakarta.servlet-api-6.0.0.jar;.&quot;;C:\WINDOWS\system32;C:\WINDOWS;C:\WINDOWS\System32\Wbem;C:\WINDOWS\System32\WindowsPowerShell\v1.0\;C:\WINDOWS\System32\OpenSSH\;C:\Program Files\Git\cmd;C:\Program Files\Git\mingw64\bin;C:\Program Files\Git\usr\bin;C:\Program Files\MySQL\MySQL Server 8.0\bin;C:\Program Files\Java\jdk-21\bin;C:\Program Files\nodejs\;C:\Program Files (x86)\Git\cmd;C:\Program Files\MySQL\MySQL Server 8.0\bin;C:\ServletDevel;C:\Program Files\Apache Software Foundation\Tomcat 10.1\lib;C:\Maven\apache-maven-3.9.9-bin\apache-maven-3.9.9\bin;C:\Program Files\Java\jdk-21\bin;C:\Program Files (x86)\Java\jdk1.5.0_22\bin;C:\Users\parid\AppData\Local\Programs\Microsoft VS Code\bin;C:\Program Files\Apache Software Foundation\Tomcat 10.1\bin;;C:\Users\parid\Downloads\spring-tools-for-eclipse-4.30.0.RELEASE-e4.35.0-win32.win32.x86_64\sts-4.30.0.RELEASE;;."/>
    <property name="java.vm.info" value="mixed mode, sharing"/>
    <property name="stderr.encoding" value="Cp1252"/>
    <property name="java.vendor" value="Eclipse Adoptium"/>
    <property name="java.vm.version" value="21.0.6+7-LTS"/>
    <property name="sun.io.unicode.encoding" value="UnicodeLittle"/>
    <property name="java.class.version" value="65.0"/>
  </properties>
  <testcase name="testApp" classname="Basic.HelloWorld.AppTest" time="0.003"/>
</testsuite>